<?xml version="1.0" encoding="UTF-8"?>
<testsuite name="memory.MemoryFinderTest" tests="1" skipped="0" failures="0" errors="0" timestamp="2024-07-29T08:54:00" hostname="빈셋" time="0.095">
  <properties/>
  <testcase name="get()" classname="memory.MemoryFinderTest" time="0.095"/>
  <system-out><![CDATA[memory = Memory(used=17214256, amx=536870912)
]]></system-out>
  <system-err><![CDATA[]]></system-err>
</testsuite>
